$ test_interop/run_tests.sh 
-- System Protobuf not found, downloading via CPM
-- CPM: Adding package abseil-cpp@20240722.0 (20240722.0)
[ 11%] Performing update step for 'abseil-cpp-populate'
CMake Error at /home/runner/workspace/test_interop/build/_deps/abseil-cpp-subbuild/abseil-cpp-populate-prefix/tmp/abseil-cpp-populate-gitupdate.cmake:44 (message):
  Failed to get the hash for HEAD:

  fatal: not a git repository: '.git'



make[2]: *** [CMakeFiles/abseil-cpp-populate.dir/build.make:133: abseil-cpp-populate-prefix/src/abseil-cpp-populate-stamp/abseil-cpp-populate-update] Error 1
make[1]: *** [CMakeFiles/Makefile2:87: CMakeFiles/abseil-cpp-populate.dir/all] Error 2
make: *** [Makefile:91: all] Error 2

CMake Error at /nix/store/29ax4k0a83zhz43lb73cv610d95wdsx1-cmake-3.31.6/share/cmake-3.31/Modules/FetchContent.cmake:1918 (message):
  Build step for abseil-cpp failed: 2
Call Stack (most recent call first):
  /nix/store/29ax4k0a83zhz43lb73cv610d95wdsx1-cmake-3.31.6/share/cmake-3.31/Modules/FetchContent.cmake:1609 (__FetchContent_populateSubbuild)
  /nix/store/29ax4k0a83zhz43lb73cv610d95wdsx1-cmake-3.31.6/share/cmake-3.31/Modules/FetchContent.cmake:2145:EVAL:2 (__FetchContent_doPopulation)
  /nix/store/29ax4k0a83zhz43lb73cv610d95wdsx1-cmake-3.31.6/share/cmake-3.31/Modules/FetchContent.cmake:2145 (cmake_language)
  /nix/store/29ax4k0a83zhz43lb73cv610d95wdsx1-cmake-3.31.6/share/cmake-3.31/Modules/FetchContent.cmake:2384 (__FetchContent_Populate)
  build/cmake/CPM_0.40.2.cmake:1114 (FetchContent_MakeAvailable)
  build/cmake/CPM_0.40.2.cmake:895 (cpm_fetch_package)
  CMakeLists.txt:48 (CPMAddPackage)


-- Configuring incomplete, errors occurred!
-- System Protobuf not found, downloading via CPM
-- CPM: Adding package abseil-cpp@20240722.0 (20240722.0)
make[1]: Entering directory '/home/runner/workspace/test_interop/build/_deps/abseil-cpp-subbuild'
[ 11%] Performing update step for 'abseil-cpp-populate'
CMake Error at /home/runner/workspace/test_interop/build/_deps/abseil-cpp-subbuild/abseil-cpp-populate-prefix/tmp/abseil-cpp-populate-gitupdate.cmake:44 (message):
  Failed to get the hash for HEAD:

  fatal: not a git repository: '.git'



make[3]: *** [CMakeFiles/abseil-cpp-populate.dir/build.make:133: abseil-cpp-populate-prefix/src/abseil-cpp-populate-stamp/abseil-cpp-populate-update] Error 1
make[2]: *** [CMakeFiles/Makefile2:87: CMakeFiles/abseil-cpp-populate.dir/all] Error 2
make[1]: *** [Makefile:91: all] Error 2
make[1]: Leaving directory '/home/runner/workspace/test_interop/build/_deps/abseil-cpp-subbuild'

CMake Error at /nix/store/29ax4k0a83zhz43lb73cv610d95wdsx1-cmake-3.31.6/share/cmake-3.31/Modules/FetchContent.cmake:1918 (message):
  Build step for abseil-cpp failed: 2
Call Stack (most recent call first):
  /nix/store/29ax4k0a83zhz43lb73cv610d95wdsx1-cmake-3.31.6/share/cmake-3.31/Modules/FetchContent.cmake:1609 (__FetchContent_populateSubbuild)
  /nix/store/29ax4k0a83zhz43lb73cv610d95wdsx1-cmake-3.31.6/share/cmake-3.31/Modules/FetchContent.cmake:2145:EVAL:2 (__FetchContent_doPopulation)
  /nix/store/29ax4k0a83zhz43lb73cv610d95wdsx1-cmake-3.31.6/share/cmake-3.31/Modules/FetchContent.cmake:2145 (cmake_language)
  /nix/store/29ax4k0a83zhz43lb73cv610d95wdsx1-cmake-3.31.6/share/cmake-3.31/Modules/FetchContent.cmake:2384 (__FetchContent_Populate)
  build/cmake/CPM_0.40.2.cmake:1114 (FetchContent_MakeAvailable)
  build/cmake/CPM_0.40.2.cmake:895 (cpm_fetch_package)
  CMakeLists.txt:48 (CPMAddPackage)


-- Configuring incomplete, errors occurred!
make: *** [Makefile:2237: cmake_check_build_system] Error 1
test_interop/run_tests.sh: line 8: ./interop_tests: No such file or directory
~/workspace$ 